<?xml version="1.0" encoding="UTF-8"?>
<!-- Generated by org.testng.reporters.JUnitReportReporter -->
<testsuite hostname="rameshs-MacBook-Pro.local" name="com.ecalix.tests.LoginTests" tests="1" failures="0" timestamp="31 Jan 2015 19:44:16 GMT" time="4.667" errors="0">
  <testcase name="Login01" time="4.667" classname="com.ecalix.tests.LoginTests"/>
</testsuite> <!-- com.ecalix.tests.LoginTests -->
